<?xml version="1.0" encoding="UTF-8" ?>
<testsuites>
  <testsuite errors="2" failures="1" hostname="Macs-MacBook-Pro-2.local" id="0" name="ChapterControllerSpec" package="gr8ladies" tests="7" time="2.753" timestamp="2014-02-11T04:50:35">
      <properties />

      <testcase classname="gr8ladies.ChapterControllerSpec" name="Test the index action returns the correct model" time="1.746" />

      <testcase classname="gr8ladies.ChapterControllerSpec" name="Test the create action returns the correct model" time="0.154" />

      <testcase classname="gr8ladies.ChapterControllerSpec" name="Test the save action correctly persists an instance" time="0.287">
          <error message="Cannot redirect for object [gr8ladies.Chapter : (unsaved)] it is not a domain or has no identifier. Use an explicit redirect instead " type="org.codehaus.groovy.grails.web.servlet.mvc.exceptions.CannotRedirectException">org.codehaus.groovy.grails.web.servlet.mvc.exceptions.CannotRedirectException: Cannot redirect for object [gr8ladies.Chapter : (unsaved)] it is not a domain or has no identifier. Use an explicit redirect instead 
	at gr8ladies.ChapterController.tt__save_closure9_closure14(ChapterController.groovy:43)
	at gr8ladies.ChapterController.$tt__save(ChapterController.groovy:40)
	at gr8ladies.ChapterControllerSpec.Test the save action correctly persists an instance(ChapterControllerSpec.groovy:52)
</error>

      </testcase>

      <testcase classname="gr8ladies.ChapterControllerSpec" name="Test that the show action returns the correct model" time="0.08" />

      <testcase classname="gr8ladies.ChapterControllerSpec" name="Test that the edit action returns the correct model" time="0.074" />

      <testcase classname="gr8ladies.ChapterControllerSpec" name="Test the update action performs an update on a valid domain instance" time="0.191">
          <error message="Cannot get property &apos;id&apos; on null object" type="java.lang.NullPointerException">java.lang.NullPointerException: Cannot get property &apos;id&apos; on null object
	at gr8ladies.ChapterControllerSpec.Test the update action performs an update on a valid domain instance(ChapterControllerSpec.groovy:118)
</error>

      </testcase>

      <testcase classname="gr8ladies.ChapterControllerSpec" name="Test that the delete action deletes an instance if it exists" time="0.086">
          <failure message="Condition not satisfied:&#xa;&#xa;Chapter.count() == 1&#xa;        |       |&#xa;        0       false&#xa;" type="junit.framework.AssertionFailedError">junit.framework.AssertionFailedError: Condition not satisfied:

Chapter.count() == 1
        |       |
        0       false

	at gr8ladies.ChapterControllerSpec.Test that the delete action deletes an instance if it exists(ChapterControllerSpec.groovy:136)
</failure>

      </testcase>

      <system-out><![CDATA[--Output from Test the index action returns the correct model--
--Output from Test the create action returns the correct model--
--Output from Test the save action correctly persists an instance--
--Output from Test that the show action returns the correct model--
--Output from Test that the edit action returns the correct model--
--Output from Test the update action performs an update on a valid domain instance--
--Output from Test that the delete action deletes an instance if it exists--
]]></system-out>

      <system-err><![CDATA[--Output from Test the index action returns the correct model--
--Output from Test the create action returns the correct model--
--Output from Test the save action correctly persists an instance--
--Output from Test that the show action returns the correct model--
--Output from Test that the edit action returns the correct model--
--Output from Test the update action performs an update on a valid domain instance--
--Output from Test that the delete action deletes an instance if it exists--
]]></system-err>

  </testsuite>
  <testsuite errors="2" failures="1" hostname="Macs-MacBook-Pro-2.local" id="1" name="UserControllerSpec" package="gr8ladies" tests="7" time="0.761" timestamp="2014-02-11T04:50:38">
      <properties />

      <testcase classname="gr8ladies.UserControllerSpec" name="Test the index action returns the correct model" time="0.236" />

      <testcase classname="gr8ladies.UserControllerSpec" name="Test the create action returns the correct model" time="0.078" />

      <testcase classname="gr8ladies.UserControllerSpec" name="Test the save action correctly persists an instance" time="0.109">
          <error message="Cannot redirect for object [gr8ladies.User : (unsaved)] it is not a domain or has no identifier. Use an explicit redirect instead " type="org.codehaus.groovy.grails.web.servlet.mvc.exceptions.CannotRedirectException">org.codehaus.groovy.grails.web.servlet.mvc.exceptions.CannotRedirectException: Cannot redirect for object [gr8ladies.User : (unsaved)] it is not a domain or has no identifier. Use an explicit redirect instead 
	at gr8ladies.UserController.tt__save_closure9_closure14(UserController.groovy:43)
	at gr8ladies.UserController.$tt__save(UserController.groovy:40)
	at gr8ladies.UserControllerSpec.Test the save action correctly persists an instance(UserControllerSpec.groovy:52)
</error>

      </testcase>

      <testcase classname="gr8ladies.UserControllerSpec" name="Test that the show action returns the correct model" time="0.075" />

      <testcase classname="gr8ladies.UserControllerSpec" name="Test that the edit action returns the correct model" time="0.071" />

      <testcase classname="gr8ladies.UserControllerSpec" name="Test the update action performs an update on a valid domain instance" time="0.11">
          <error message="Cannot get property &apos;id&apos; on null object" type="java.lang.NullPointerException">java.lang.NullPointerException: Cannot get property &apos;id&apos; on null object
	at gr8ladies.UserControllerSpec.Test the update action performs an update on a valid domain instance(UserControllerSpec.groovy:118)
</error>

      </testcase>

      <testcase classname="gr8ladies.UserControllerSpec" name="Test that the delete action deletes an instance if it exists" time="0.077">
          <failure message="Condition not satisfied:&#xa;&#xa;User.count() == 1&#xa;     |       |&#xa;     0       false&#xa;" type="junit.framework.AssertionFailedError">junit.framework.AssertionFailedError: Condition not satisfied:

User.count() == 1
     |       |
     0       false

	at gr8ladies.UserControllerSpec.Test that the delete action deletes an instance if it exists(UserControllerSpec.groovy:136)
</failure>

      </testcase>

      <system-out><![CDATA[--Output from Test the index action returns the correct model--
--Output from Test the create action returns the correct model--
--Output from Test the save action correctly persists an instance--
--Output from Test that the show action returns the correct model--
--Output from Test that the edit action returns the correct model--
--Output from Test the update action performs an update on a valid domain instance--
--Output from Test that the delete action deletes an instance if it exists--
]]></system-out>

      <system-err><![CDATA[--Output from Test the index action returns the correct model--
--Output from Test the create action returns the correct model--
--Output from Test the save action correctly persists an instance--
--Output from Test that the show action returns the correct model--
--Output from Test that the edit action returns the correct model--
--Output from Test the update action performs an update on a valid domain instance--
--Output from Test that the delete action deletes an instance if it exists--
]]></system-err>

  </testsuite>
</testsuites>
